[2016-09-28 19:43:54] main.DEBUG: User created with ID=1 [] []
[2016-09-28 19:48:06] main.DEBUG: User created with ID=2 [] []
[2016-09-29 01:37:11] main.DEBUG: User created with ID=1 [] []
[2016-09-29 01:42:56] main.DEBUG: User created with ID=2 [] []
[2016-09-29 01:45:29] main.ERROR: SQL error: You have an error in your SQL syntax; check the manual that corresponds to your MariaDB server version for the right syntax to use near 'soelse@soelse.com''' at line 1 [] []
[2016-09-29 01:45:29] main.ERROR:  in query: SELECT * FROM users WHERE email=''soelse@soelse.com'' [] []
[2016-09-29 01:47:09] main.ERROR: SQL error: You have an error in your SQL syntax; check the manual that corresponds to your MariaDB server version for the right syntax to use near 'soelse@soelse.com''' at line 1 [] []
[2016-09-29 01:47:09] main.ERROR:  in query: SELECT * FROM users WHERE email=''soelse@soelse.com'' [] []
[2016-09-29 01:47:27] main.ERROR: SQL error: You have an error in your SQL syntax; check the manual that corresponds to your MariaDB server version for the right syntax to use near 'alit@alit.com''' at line 1 [] []
[2016-09-29 01:47:27] main.ERROR:  in query: SELECT * FROM users WHERE email=''alit@alit.com'' [] []
[2016-09-29 01:55:49] main.ERROR: SQL error: You have an error in your SQL syntax; check the manual that corresponds to your MariaDB server version for the right syntax to use near 'alit@alit.com''' at line 1 [] []
[2016-09-29 01:55:49] main.ERROR:  in query: SELECT * FROM users WHERE email=''alit@alit.com'' [] []
[2016-09-29 02:05:53] main.ERROR: SQL error: You have an error in your SQL syntax; check the manual that corresponds to your MariaDB server version for the right syntax to use near 'soelse@soelse.com''' at line 1 [] []
[2016-09-29 02:05:53] main.ERROR:  in query: SELECT * FROM users WHERE email=''soelse@soelse.com'' [] []
[2016-09-29 02:10:37] main.ERROR: SQL error: You have an error in your SQL syntax; check the manual that corresponds to your MariaDB server version for the right syntax to use near 'soelse@soelse.com''' at line 1 [] []
[2016-09-29 02:10:37] main.ERROR:  in query: SELECT * FROM users WHERE email=''soelse@soelse.com'' [] []
[2016-09-29 05:22:13] main.DEBUG: User created with ID=3 [] []
[2016-09-29 05:22:18] main.ERROR: SQL error: Table 'slimshop.ad' doesn't exist [] []
[2016-09-29 05:22:18] main.ERROR:  in query: SELECT * FROM ad WHERE ID=3 [] []
[2016-09-29 05:26:16] main.DEBUG: User created with ID=4 [] []
[2016-09-29 15:01:46] main.ERROR: Database error: Unable to connect to MySQL server! Error: Access denied for user 'slimshop'@'localhost' (using password: YES) [] []
[2016-09-29 15:09:06] main.DEBUG: User created with ID=3 [] []
[2016-10-03 04:18:43] main.ERROR: Database error: Unable to connect to MySQL server! Error: Access denied for user 'slimshop'@'localhost' (using password: YES) [] []
[2016-10-05 05:17:25] main.ERROR: Database error: Unable to connect to MySQL server! Error: Access denied for user 'slimshop'@'localhost' (using password: YES) [] []
[2016-10-05 05:17:49] main.ERROR: Database error: Unable to connect to MySQL server! Error: Access denied for user 'slimshop'@'localhost' (using password: YES) [] []
[2016-10-05 05:18:41] main.ERROR: Database error: Unable to connect to MySQL server! Error: Access denied for user 'slimshop'@'localhost' (using password: YES) [] []
[2016-10-05 05:18:57] main.ERROR: Database error: Unable to connect to MySQL server! Error: Access denied for user 'slimshop'@'localhost' (using password: YES) [] []
[2016-10-05 05:19:07] main.ERROR: Database error: Unable to connect to MySQL server! Error: Access denied for user 'slimshop'@'localhost' (using password: YES) [] []
[2016-10-05 05:19:10] main.ERROR: Database error: Unable to connect to MySQL server! Error: Access denied for user 'slimshop'@'localhost' (using password: YES) [] []
