[2016-09-29 17:37:15] main.DEBUG: User 1 created [] []
[2016-09-29 17:37:30] main.ERROR: SQL error: Table 'quiz3travels.users' doesn't exist [] []
[2016-09-29 17:37:30] main.ERROR:  in query: SELECT * FROM users WHERE passport='AS1236548' [] []
[2016-09-29 17:38:10] main.DEBUG: User 1 logged in successfuly from IP ::1 [] []
[2016-09-29 17:38:44] main.DEBUG: User failed for passport AS1236548 from IP ::1 [] []
[2016-09-29 17:38:53] main.DEBUG: User 1 logged in successfuly from IP ::1 [] []
[2016-09-29 17:46:06] main.DEBUG: User 1 logged in successfuly from IP ::1 [] []
[2016-09-29 17:57:18] main.DEBUG: travel 1 created [] []
[2016-09-29 18:04:23] main.DEBUG: User 1 logged in successfuly from IP ::1 [] []
[2016-09-29 18:12:01] main.DEBUG: travel 2 created [] []
[2016-09-29 18:13:59] main.DEBUG: User 1 logged in successfuly from IP ::1 [] []
[2016-09-29 18:14:54] main.DEBUG: User 2 created [] []
[2016-09-29 18:15:04] main.DEBUG: User 2 logged in successfuly from IP ::1 [] []
[2016-09-29 18:15:17] main.DEBUG: travel 3 created [] []
[2016-09-29 18:15:23] main.DEBUG: travel 4 created [] []
[2016-09-29 18:15:38] main.DEBUG: travel 5 created [] []
[2016-09-29 18:15:57] main.DEBUG: User 1 logged in successfuly from IP ::1 [] []
[2016-09-29 18:16:12] main.DEBUG: User failed for passport  from IP ::1 [] []
[2016-09-29 18:31:31] main.DEBUG: User 3 created [] []
[2016-09-29 18:32:11] main.DEBUG: User failed for passport  from IP ::1 [] []
[2016-09-29 18:33:32] main.DEBUG: User 4 created [] []
[2016-09-29 18:33:42] main.DEBUG: User 4 logged in successfuly from IP ::1 [] []
[2016-09-29 18:48:29] main.DEBUG: User 1 logged in successfuly from IP ::1 [] []
[2016-09-29 18:58:06] main.DEBUG: User 5 created [] []
[2016-09-29 18:58:18] main.DEBUG: User 5 logged in successfuly from IP ::1 [] []
[2016-09-29 19:03:04] main.DEBUG: User 5 logged in successfuly from IP ::1 [] []
[2016-09-29 19:03:21] main.DEBUG: User failed for passport AS1236545 from IP ::1 [] []
[2016-09-29 19:03:29] main.DEBUG: User failed for passport AS1236545 from IP ::1 [] []
[2016-09-29 19:03:35] main.DEBUG: User failed for passport AS1236578 from IP ::1 [] []
[2016-09-29 19:04:06] main.DEBUG: User 1 logged in successfuly from IP ::1 [] []
